[34m2019-01-12 08:09:55.570[0;39m [36m[restartedMain-DEBUG][0;39m [33mcom.mission.hrms.HrmsApplication[•◡•́] و✧[0;39m Running with Spring Boot v2.1.1.RELEASE, Spring v5.1.3.RELEASE 
[34m2019-01-12 09:01:22.376[0;39m [36m[restartedMain-DEBUG][0;39m [33mcom.mission.hrms.HrmsApplication[•◡•́] و✧[0;39m Running with Spring Boot v2.1.1.RELEASE, Spring v5.1.3.RELEASE 
[34m2019-01-12 09:03:43.949[0;39m [36m[restartedMain-DEBUG][0;39m [33mcom.mission.hrms.HrmsApplication[•◡•́] و✧[0;39m Running with Spring Boot v2.1.1.RELEASE, Spring v5.1.3.RELEASE 
[34m2019-01-12 09:05:10.192[0;39m [36m[restartedMain-DEBUG][0;39m [33mcom.mission.hrms.HrmsApplication[•◡•́] و✧[0;39m Running with Spring Boot v2.1.1.RELEASE, Spring v5.1.3.RELEASE 
[34m2019-01-12 09:19:04.011[0;39m [36m[restartedMain-DEBUG][0;39m [33mcom.mission.hrms.HrmsApplication[•◡•́] و✧[0;39m Running with Spring Boot v2.1.1.RELEASE, Spring v5.1.3.RELEASE 
[34m2019-01-12 09:25:39.102[0;39m [36m[restartedMain-DEBUG][0;39m [33mcom.mission.hrms.HrmsApplication[•◡•́] و✧[0;39m Running with Spring Boot v2.1.1.RELEASE, Spring v5.1.3.RELEASE 
[34m2019-01-12 10:25:07.073[0;39m [36m[restartedMain-DEBUG][0;39m [33mcom.mission.hrms.HrmsApplication[•◡•́] و✧[0;39m Running with Spring Boot v2.1.1.RELEASE, Spring v5.1.3.RELEASE 
[34m2019-01-12 13:49:46.856[0;39m [36m[restartedMain-DEBUG][0;39m [33mcom.mission.hrms.HrmsApplication[•◡•́] و✧[0;39m Running with Spring Boot v2.1.1.RELEASE, Spring v5.1.3.RELEASE 
[34m2019-01-12 13:50:58.651[0;39m [36m[restartedMain-DEBUG][0;39m [33mcom.mission.hrms.HrmsApplication[•◡•́] و✧[0;39m Running with Spring Boot v2.1.1.RELEASE, Spring v5.1.3.RELEASE 
[34m2019-01-12 14:48:08.103[0;39m [36m[restartedMain-DEBUG][0;39m [33mcom.mission.hrms.HrmsApplication[•◡•́] و✧[0;39m Running with Spring Boot v2.1.1.RELEASE, Spring v5.1.3.RELEASE 
[34m2019-01-12 15:15:13.140[0;39m [36m[restartedMain-DEBUG][0;39m [33mcom.mission.hrms.HrmsApplication[•◡•́] و✧[0;39m Running with Spring Boot v2.1.1.RELEASE, Spring v5.1.3.RELEASE 
[34m2019-01-12 15:20:08.335[0;39m [36m[restartedMain-DEBUG][0;39m [33mcom.mission.hrms.HrmsApplication[•◡•́] و✧[0;39m Running with Spring Boot v2.1.1.RELEASE, Spring v5.1.3.RELEASE 
[34m2019-01-12 15:34:17.040[0;39m [36m[restartedMain-DEBUG][0;39m [33mcom.mission.hrms.HrmsApplication[•◡•́] و✧[0;39m Running with Spring Boot v2.1.1.RELEASE, Spring v5.1.3.RELEASE 
[34m2019-01-12 15:34:23.582[0;39m [36m[restartedMain-DEBUG][0;39m [33mcom.mission.hrms.HrmsApplication[•◡•́] و✧[0;39m Running with Spring Boot v2.1.1.RELEASE, Spring v5.1.3.RELEASE 
[34m2019-01-12 15:37:05.333[0;39m [36m[restartedMain-DEBUG][0;39m [33mcom.mission.hrms.HrmsApplication[•◡•́] و✧[0;39m Running with Spring Boot v2.1.1.RELEASE, Spring v5.1.3.RELEASE 
[34m2019-01-12 15:37:42.628[0;39m [36m[restartedMain-DEBUG][0;39m [33mcom.mission.hrms.HrmsApplication[•◡•́] و✧[0;39m Running with Spring Boot v2.1.1.RELEASE, Spring v5.1.3.RELEASE 
[34m2019-01-12 15:40:27.502[0;39m [36m[restartedMain-DEBUG][0;39m [33mcom.mission.hrms.HrmsApplication[•◡•́] و✧[0;39m Running with Spring Boot v2.1.1.RELEASE, Spring v5.1.3.RELEASE 
[34m2019-01-12 15:49:41.180[0;39m [36m[restartedMain-DEBUG][0;39m [33mcom.mission.hrms.HrmsApplication[•◡•́] و✧[0;39m Running with Spring Boot v2.1.1.RELEASE, Spring v5.1.3.RELEASE 
[34m2019-01-12 16:13:24.872[0;39m [36m[restartedMain-DEBUG][0;39m [33mcom.mission.hrms.HrmsApplication[•◡•́] و✧[0;39m Running with Spring Boot v2.1.1.RELEASE, Spring v5.1.3.RELEASE 
[34m2019-01-12 16:19:13.723[0;39m [36m[http-nio-8800-exec-9-DEBUG][0;39m [33mcom.mission.hrms.common.utils.ImgUtil[•◡•́] و✧[0;39m basePath is/D:/Codes/IdeaWorkspaces/HRMS/target/classes/ 
[34m2019-01-12 16:19:13.723[0;39m [36m[http-nio-8800-exec-9-DEBUG][0;39m [33mcom.mission.hrms.common.utils.ImgUtil[•◡•́] و✧[0;39m current complete addr is:D:\projectdev\hrms\upload\files\test\2019011216191331994.jpg 
[34m2019-01-12 16:53:24.330[0;39m [36m[main-DEBUG][0;39m [33mcom.mission.hrms.othertest.OtherTest[•◡•́] و✧[0;39m Running with Spring Boot v2.1.1.RELEASE, Spring v5.1.3.RELEASE 
[34m2019-01-12 17:23:00.025[0;39m [36m[restartedMain-DEBUG][0;39m [33mcom.mission.hrms.HrmsApplication[•◡•́] و✧[0;39m Running with Spring Boot v2.1.1.RELEASE, Spring v5.1.3.RELEASE 
[34m2019-01-12 20:48:25.398[0;39m [36m[restartedMain-DEBUG][0;39m [33mcom.mission.hrms.HrmsApplication[•◡•́] و✧[0;39m Running with Spring Boot v2.1.1.RELEASE, Spring v5.1.3.RELEASE 
[34m2019-01-12 21:02:14.822[0;39m [36m[restartedMain-DEBUG][0;39m [33mcom.mission.hrms.HrmsApplication[•◡•́] و✧[0;39m Running with Spring Boot v2.1.1.RELEASE, Spring v5.1.3.RELEASE 
[34m2019-01-12 21:09:15.819[0;39m [36m[restartedMain-DEBUG][0;39m [33mcom.mission.hrms.HrmsApplication[•◡•́] و✧[0;39m Running with Spring Boot v2.1.1.RELEASE, Spring v5.1.3.RELEASE 
[34m2019-01-12 21:12:48.844[0;39m [36m[restartedMain-DEBUG][0;39m [33mcom.mission.hrms.HrmsApplication[•◡•́] و✧[0;39m Running with Spring Boot v2.1.1.RELEASE, Spring v5.1.3.RELEASE 
[34m2019-01-12 21:41:38.311[0;39m [36m[restartedMain-DEBUG][0;39m [33mcom.mission.hrms.HrmsApplication[•◡•́] و✧[0;39m Running with Spring Boot v2.1.1.RELEASE, Spring v5.1.3.RELEASE 
[34m2019-01-12 21:48:39.513[0;39m [36m[http-nio-8800-exec-9-DEBUG][0;39m [33mcom.mission.hrms.common.utils.ImgUtil[•◡•́] و✧[0;39m basePath is/D:/Codes/IdeaWorkspaces/HRMS/target/classes/ 
[34m2019-01-12 21:48:39.513[0;39m [36m[http-nio-8800-exec-9-DEBUG][0;39m [33mcom.mission.hrms.common.utils.ImgUtil[•◡•́] و✧[0;39m current complete addr is:D:\projectdev\hrms\upload\images\test\2019011221483922811.jpg 
[34m2019-01-12 21:48:49.122[0;39m [36m[http-nio-8800-exec-8-DEBUG][0;39m [33mcom.mission.hrms.common.utils.ImgUtil[•◡•́] و✧[0;39m basePath is/D:/Codes/IdeaWorkspaces/HRMS/target/classes/ 
[34m2019-01-12 21:48:49.122[0;39m [36m[http-nio-8800-exec-8-DEBUG][0;39m [33mcom.mission.hrms.common.utils.ImgUtil[•◡•́] و✧[0;39m current complete addr is:D:\projectdev\hrms\upload\images\test\2019011221484992424.jpg 
[34m2019-01-12 21:49:38.287[0;39m [36m[http-nio-8800-exec-5-DEBUG][0;39m [33mcom.mission.hrms.common.utils.ImgUtil[•◡•́] و✧[0;39m basePath is/D:/Codes/IdeaWorkspaces/HRMS/target/classes/ 
[34m2019-01-12 21:49:38.287[0;39m [36m[http-nio-8800-exec-5-DEBUG][0;39m [33mcom.mission.hrms.common.utils.ImgUtil[•◡•́] و✧[0;39m current complete addr is:D:\projectdev\hrms\upload\images\test\2019011221493869664.jpg 
[34m2019-01-12 22:46:33.216[0;39m [36m[restartedMain-DEBUG][0;39m [33mcom.mission.hrms.HrmsApplication[•◡•́] و✧[0;39m Running with Spring Boot v2.1.1.RELEASE, Spring v5.1.3.RELEASE 
[34m2019-01-12 22:51:01.004[0;39m [36m[restartedMain-DEBUG][0;39m [33mcom.mission.hrms.HrmsApplication[•◡•́] و✧[0;39m Running with Spring Boot v2.1.1.RELEASE, Spring v5.1.3.RELEASE 
[34m2019-01-12 23:04:25.514[0;39m [36m[restartedMain-DEBUG][0;39m [33mcom.mission.hrms.HrmsApplication[•◡•́] و✧[0;39m Running with Spring Boot v2.1.1.RELEASE, Spring v5.1.3.RELEASE 
[34m2019-01-12 23:13:42.835[0;39m [36m[restartedMain-DEBUG][0;39m [33mcom.mission.hrms.HrmsApplication[•◡•́] و✧[0;39m Running with Spring Boot v2.1.1.RELEASE, Spring v5.1.3.RELEASE 
[34m2019-01-12 23:33:09.820[0;39m [36m[restartedMain-DEBUG][0;39m [33mcom.mission.hrms.HrmsApplication[•◡•́] و✧[0;39m Running with Spring Boot v2.1.1.RELEASE, Spring v5.1.3.RELEASE 
[34m2019-01-12 23:58:01.709[0;39m [36m[restartedMain-DEBUG][0;39m [33mcom.mission.hrms.HrmsApplication[•◡•́] و✧[0;39m Running with Spring Boot v2.1.1.RELEASE, Spring v5.1.3.RELEASE 
[34m2019-01-13 00:36:39.048[0;39m [36m[main-DEBUG][0;39m [33mcom.mission.hrms.othertest.OtherTest[•◡•́] و✧[0;39m Running with Spring Boot v2.1.1.RELEASE, Spring v5.1.3.RELEASE 
[34m2019-01-13 01:11:49.464[0;39m [36m[main-DEBUG][0;39m [33mcom.mission.hrms.othertest.REP[•◡•́] و✧[0;39m Running with Spring Boot v2.1.1.RELEASE, Spring v5.1.3.RELEASE 
[34m2019-01-13 01:13:19.557[0;39m [36m[main-DEBUG][0;39m [33mcom.mission.hrms.othertest.REP[•◡•́] و✧[0;39m Running with Spring Boot v2.1.1.RELEASE, Spring v5.1.3.RELEASE 
[34m2019-01-13 01:13:53.076[0;39m [36m[main-DEBUG][0;39m [33mcom.mission.hrms.othertest.REP[•◡•́] و✧[0;39m Running with Spring Boot v2.1.1.RELEASE, Spring v5.1.3.RELEASE 
[34m2019-01-13 01:14:18.019[0;39m [36m[restartedMain-DEBUG][0;39m [33mcom.mission.hrms.HrmsApplication[•◡•́] و✧[0;39m Running with Spring Boot v2.1.1.RELEASE, Spring v5.1.3.RELEASE 
[34m2019-01-13 01:14:40.418[0;39m [36m[main-DEBUG][0;39m [33mcom.mission.hrms.othertest.REP[•◡•́] و✧[0;39m Running with Spring Boot v2.1.1.RELEASE, Spring v5.1.3.RELEASE 
[34m2019-01-13 01:15:10.920[0;39m [36m[main-DEBUG][0;39m [33mcom.mission.hrms.othertest.REP[•◡•́] و✧[0;39m Running with Spring Boot v2.1.1.RELEASE, Spring v5.1.3.RELEASE 
[34m2019-01-13 01:16:13.261[0;39m [36m[restartedMain-DEBUG][0;39m [33mcom.mission.hrms.HrmsApplication[•◡•́] و✧[0;39m Running with Spring Boot v2.1.1.RELEASE, Spring v5.1.3.RELEASE 
[34m2019-01-13 01:16:32.032[0;39m [36m[main-DEBUG][0;39m [33mcom.mission.hrms.othertest.REP[•◡•́] و✧[0;39m Running with Spring Boot v2.1.1.RELEASE, Spring v5.1.3.RELEASE 
[34m2019-01-13 01:17:04.945[0;39m [36m[main-DEBUG][0;39m [33mcom.mission.hrms.othertest.REP[•◡•́] و✧[0;39m Running with Spring Boot v2.1.1.RELEASE, Spring v5.1.3.RELEASE 
[34m2019-01-13 01:17:18.403[0;39m [36m[main-DEBUG][0;39m [33mcom.mission.hrms.othertest.REP[•◡•́] و✧[0;39m Running with Spring Boot v2.1.1.RELEASE, Spring v5.1.3.RELEASE 
[34m2019-01-13 01:18:18.169[0;39m [36m[main-DEBUG][0;39m [33mcom.mission.hrms.othertest.REP[•◡•́] و✧[0;39m Running with Spring Boot v2.1.1.RELEASE, Spring v5.1.3.RELEASE 
[34m2019-01-13 01:19:46.526[0;39m [36m[main-DEBUG][0;39m [33mcom.mission.hrms.othertest.REP[•◡•́] و✧[0;39m Running with Spring Boot v2.1.1.RELEASE, Spring v5.1.3.RELEASE 
[34m2019-01-13 01:23:41.794[0;39m [36m[main-DEBUG][0;39m [33mcom.mission.hrms.othertest.REP[•◡•́] و✧[0;39m Running with Spring Boot v2.1.1.RELEASE, Spring v5.1.3.RELEASE 
[34m2019-01-13 01:24:36.569[0;39m [36m[main-DEBUG][0;39m [33mcom.mission.hrms.othertest.REP[•◡•́] و✧[0;39m Running with Spring Boot v2.1.1.RELEASE, Spring v5.1.3.RELEASE 
[34m2019-01-13 01:26:54.324[0;39m [36m[main-DEBUG][0;39m [33mcom.mission.hrms.othertest.REP[•◡•́] و✧[0;39m Running with Spring Boot v2.1.1.RELEASE, Spring v5.1.3.RELEASE 
[34m2019-01-13 01:27:55.608[0;39m [36m[main-DEBUG][0;39m [33mcom.mission.hrms.othertest.REP[•◡•́] و✧[0;39m Running with Spring Boot v2.1.1.RELEASE, Spring v5.1.3.RELEASE 
[34m2019-01-13 01:33:59.746[0;39m [36m[restartedMain-DEBUG][0;39m [33mcom.mission.hrms.HrmsApplication[•◡•́] و✧[0;39m Running with Spring Boot v2.1.1.RELEASE, Spring v5.1.3.RELEASE 
[34m2019-01-13 01:50:51.906[0;39m [36m[restartedMain-DEBUG][0;39m [33mcom.mission.hrms.HrmsApplication[•◡•́] و✧[0;39m Running with Spring Boot v2.1.1.RELEASE, Spring v5.1.3.RELEASE 
[34m2019-01-13 01:59:20.286[0;39m [36m[main-DEBUG][0;39m [33mcom.mission.hrms.othertest.REP[•◡•́] و✧[0;39m Running with Spring Boot v2.1.1.RELEASE, Spring v5.1.3.RELEASE 
[34m2019-01-13 01:59:43.745[0;39m [36m[main-DEBUG][0;39m [33mcom.mission.hrms.othertest.REP[•◡•́] و✧[0;39m Running with Spring Boot v2.1.1.RELEASE, Spring v5.1.3.RELEASE 
[34m2019-01-13 02:00:07.486[0;39m [36m[main-DEBUG][0;39m [33mcom.mission.hrms.othertest.REP[•◡•́] و✧[0;39m Running with Spring Boot v2.1.1.RELEASE, Spring v5.1.3.RELEASE 
[34m2019-01-13 08:06:05.234[0;39m [36m[main-DEBUG][0;39m [33mcom.mission.hrms.othertest.REP[•◡•́] و✧[0;39m Running with Spring Boot v2.1.1.RELEASE, Spring v5.1.3.RELEASE 
[34m2019-01-13 08:06:29.306[0;39m [36m[restartedMain-DEBUG][0;39m [33mcom.mission.hrms.HrmsApplication[•◡•́] و✧[0;39m Running with Spring Boot v2.1.1.RELEASE, Spring v5.1.3.RELEASE 
[34m2019-01-13 08:10:38.708[0;39m [36m[restartedMain-DEBUG][0;39m [33mcom.mission.hrms.HrmsApplication[•◡•́] و✧[0;39m Running with Spring Boot v2.1.1.RELEASE, Spring v5.1.3.RELEASE 
[34m2019-01-13 08:33:07.750[0;39m [36m[restartedMain-DEBUG][0;39m [33mcom.mission.hrms.HrmsApplication[•◡•́] و✧[0;39m Running with Spring Boot v2.1.1.RELEASE, Spring v5.1.3.RELEASE 
[34m2019-01-13 09:02:57.365[0;39m [36m[main-DEBUG][0;39m [33mcom.mission.hrms.othertest.REP[•◡•́] و✧[0;39m Running with Spring Boot v2.1.1.RELEASE, Spring v5.1.3.RELEASE 
[34m2019-01-13 09:04:04.497[0;39m [36m[main-DEBUG][0;39m [33mcom.mission.hrms.othertest.REP[•◡•́] و✧[0;39m Running with Spring Boot v2.1.1.RELEASE, Spring v5.1.3.RELEASE 
[34m2019-01-13 09:06:37.701[0;39m [36m[main-DEBUG][0;39m [33mcom.mission.hrms.othertest.REP[•◡•́] و✧[0;39m Running with Spring Boot v2.1.1.RELEASE, Spring v5.1.3.RELEASE 
[34m2019-01-13 09:10:52.966[0;39m [36m[main-DEBUG][0;39m [33mcom.mission.hrms.othertest.REP[•◡•́] و✧[0;39m Running with Spring Boot v2.1.1.RELEASE, Spring v5.1.3.RELEASE 
[34m2019-01-13 09:11:00.492[0;39m [36m[main-DEBUG][0;39m [33mcom.mission.hrms.othertest.REP[•◡•́] و✧[0;39m Running with Spring Boot v2.1.1.RELEASE, Spring v5.1.3.RELEASE 
[34m2019-01-13 09:14:06.509[0;39m [36m[main-DEBUG][0;39m [33mcom.mission.hrms.othertest.REP[•◡•́] و✧[0;39m Running with Spring Boot v2.1.1.RELEASE, Spring v5.1.3.RELEASE 
[34m2019-01-13 09:16:19.228[0;39m [36m[main-DEBUG][0;39m [33mcom.mission.hrms.othertest.REP[•◡•́] و✧[0;39m Running with Spring Boot v2.1.1.RELEASE, Spring v5.1.3.RELEASE 
[34m2019-01-13 09:19:40.557[0;39m [36m[main-DEBUG][0;39m [33mcom.mission.hrms.othertest.REP[•◡•́] و✧[0;39m Running with Spring Boot v2.1.1.RELEASE, Spring v5.1.3.RELEASE 
[34m2019-01-13 09:27:09.729[0;39m [36m[main-DEBUG][0;39m [33mcom.mission.hrms.othertest.REP[•◡•́] و✧[0;39m Running with Spring Boot v2.1.1.RELEASE, Spring v5.1.3.RELEASE 
[34m2019-01-13 09:31:59.685[0;39m [36m[restartedMain-DEBUG][0;39m [33mcom.mission.hrms.HrmsApplication[•◡•́] و✧[0;39m Running with Spring Boot v2.1.1.RELEASE, Spring v5.1.3.RELEASE 
[34m2019-01-13 09:57:36.437[0;39m [36m[restartedMain-DEBUG][0;39m [33mcom.mission.hrms.HrmsApplication[•◡•́] و✧[0;39m Running with Spring Boot v2.1.1.RELEASE, Spring v5.1.3.RELEASE 
[34m2019-01-13 10:41:13.084[0;39m [36m[restartedMain-DEBUG][0;39m [33mcom.mission.hrms.HrmsApplication[•◡•́] و✧[0;39m Running with Spring Boot v2.1.1.RELEASE, Spring v5.1.3.RELEASE 
[34m2019-01-13 12:27:18.465[0;39m [36m[restartedMain-DEBUG][0;39m [33mcom.mission.hrms.HrmsApplication[•◡•́] و✧[0;39m Running with Spring Boot v2.1.1.RELEASE, Spring v5.1.3.RELEASE 
[34m2019-01-13 12:28:39.604[0;39m [36m[restartedMain-DEBUG][0;39m [33mcom.mission.hrms.HrmsApplication[•◡•́] و✧[0;39m Running with Spring Boot v2.1.1.RELEASE, Spring v5.1.3.RELEASE 
[34m2019-01-13 13:21:04.645[0;39m [36m[restartedMain-DEBUG][0;39m [33mcom.mission.hrms.HrmsApplication[•◡•́] و✧[0;39m Running with Spring Boot v2.1.1.RELEASE, Spring v5.1.3.RELEASE 
[34m2019-01-13 13:45:03.333[0;39m [36m[restartedMain-DEBUG][0;39m [33mcom.mission.hrms.HrmsApplication[•◡•́] و✧[0;39m Running with Spring Boot v2.1.1.RELEASE, Spring v5.1.3.RELEASE 
